# JRE version: Java(TM) SE Runtime Environment (8.0_73-b02) (build 1.8.0_73-b02)
# Java VM: Java HotSpot(TM) 64-Bit Server VM (25.73-b02 mixed mode windows-amd64 compressed oops)
Heap:
 PSYoungGen      total 272896K, used 109799K [0x00000000eab00000, 0x00000000ff880000, 0x0000000100000000)
  eden space 251392K, 43% used [0x00000000eab00000,0x00000000f1639e18,0x00000000fa080000)
  from space 21504K, 0% used [0x00000000fa080000,0x00000000fa080000,0x00000000fb580000)
  to   space 20992K, 0% used [0x00000000fe400000,0x00000000fe400000,0x00000000ff880000)
 ParOldGen       total 59904K, used 52277K [0x00000000c0000000, 0x00000000c3a80000, 0x00000000eab00000)
  object space 59904K, 87% used [0x00000000c0000000,0x00000000c330d5c8,0x00000000c3a80000)
 Metaspace       used 62253K, capacity 65110K, committed 65280K, reserved 1105920K
  class space    used 8318K, capacity 8958K, committed 8960K, reserved 1048576K
GC Heap History (10 events):
Event: 207.774 GC heap before
{Heap before GC invocations=20 (full 3):
 PSYoungGen      total 265216K, used 156545K [0x00000000eab00000, 0x00000000fcd00000, 0x0000000100000000)
  eden space 250880K, 57% used [0x00000000eab00000,0x00000000f36d6d20,0x00000000fa000000)
  from space 14336K, 93% used [0x00000000fbf00000,0x00000000fcc097b8,0x00000000fcd00000)
  to   space 23040K, 0% used [0x00000000fa000000,0x00000000fa000000,0x00000000fb680000)
 ParOldGen       total 59904K, used 41759K [0x00000000c0000000, 0x00000000c3a80000, 0x00000000eab00000)
  object space 59904K, 69% used [0x00000000c0000000,0x00000000c28c7d50,0x00000000c3a80000)
 Metaspace       used 57866K, capacity 60180K, committed 60416K, reserved 1101824K
  class space    used 7846K, capacity 8405K, committed 8448K, reserved 1048576K
Event: 207.936 GC heap after
Heap after GC invocations=20 (full 3):
 PSYoungGen      total 261632K, used 10655K [0x00000000eab00000, 0x00000000fcb00000, 0x0000000100000000)
  eden space 250880K, 0% used [0x00000000eab00000,0x00000000eab00000,0x00000000fa000000)
  from space 10752K, 99% used [0x00000000fa000000,0x00000000faa67e30,0x00000000faa80000)
  to   space 22016K, 0% used [0x00000000fb580000,0x00000000fb580000,0x00000000fcb00000)
 ParOldGen       total 59904K, used 41775K [0x00000000c0000000, 0x00000000c3a80000, 0x00000000eab00000)
  object space 59904K, 69% used [0x00000000c0000000,0x00000000c28cbd50,0x00000000c3a80000)
 Metaspace       used 57866K, capacity 60180K, committed 60416K, reserved 1101824K
  class space    used 7846K, capacity 8405K, committed 8448K, reserved 1048576K
}
Event: 207.936 GC heap before
{Heap before GC invocations=21 (full 4):
 PSYoungGen      total 261632K, used 10655K [0x00000000eab00000, 0x00000000fcb00000, 0x0000000100000000)
  eden space 250880K, 0% used [0x00000000eab00000,0x00000000eab00000,0x00000000fa000000)
  from space 10752K, 99% used [0x00000000fa000000,0x00000000faa67e30,0x00000000faa80000)
  to   space 22016K, 0% used [0x00000000fb580000,0x00000000fb580000,0x00000000fcb00000)
 ParOldGen       total 59904K, used 41775K [0x00000000c0000000, 0x00000000c3a80000, 0x00000000eab00000)
  object space 59904K, 69% used [0x00000000c0000000,0x00000000c28cbd50,0x00000000c3a80000)
 Metaspace       used 57866K, capacity 60180K, committed 60416K, reserved 1101824K
  class space    used 7846K, capacity 8405K, committed 8448K, reserved 1048576K
Event: 209.479 GC heap after
Heap after GC invocations=21 (full 4):
 PSYoungGen      total 261632K, used 0K [0x00000000eab00000, 0x00000000fcb00000, 0x0000000100000000)
  eden space 250880K, 0% used [0x00000000eab00000,0x00000000eab00000,0x00000000fa000000)
  from space 10752K, 0% used [0x00000000fa000000,0x00000000fa000000,0x00000000faa80000)
  to   space 22016K, 0% used [0x00000000fb580000,0x00000000fb580000,0x00000000fcb00000)
 ParOldGen       total 59904K, used 49856K [0x00000000c0000000, 0x00000000c3a80000, 0x00000000eab00000)
  object space 59904K, 83% used [0x00000000c0000000,0x00000000c30b01a8,0x00000000c3a80000)
 Metaspace       used 57866K, capacity 60180K, committed 60416K, reserved 1101824K
  class space    used 7846K, capacity 8405K, committed 8448K, reserved 1048576K
}
Event: 451.242 GC heap before
{Heap before GC invocations=22 (full 4):
 PSYoungGen      total 261632K, used 250880K [0x00000000eab00000, 0x00000000fcb00000, 0x0000000100000000)
  eden space 250880K, 100% used [0x00000000eab00000,0x00000000fa000000,0x00000000fa000000)
  from space 10752K, 0% used [0x00000000fa000000,0x00000000fa000000,0x00000000faa80000)
  to   space 22016K, 0% used [0x00000000fb580000,0x00000000fb580000,0x00000000fcb00000)
 ParOldGen       total 59904K, used 49856K [0x00000000c0000000, 0x00000000c3a80000, 0x00000000eab00000)
  object space 59904K, 83% used [0x00000000c0000000,0x00000000c30b01a8,0x00000000c3a80000)
 Metaspace       used 61197K, capacity 63810K, committed 63872K, reserved 1103872K
  class space    used 8215K, capacity 8803K, committed 8832K, reserved 1048576K
Event: 451.318 GC heap after
Heap after GC invocations=22 (full 4):
 PSYoungGen      total 273408K, used 5582K [0x00000000eab00000, 0x00000000ff980000, 0x0000000100000000)
  eden space 251392K, 0% used [0x00000000eab00000,0x00000000eab00000,0x00000000fa080000)
  from space 22016K, 25% used [0x00000000fb580000,0x00000000fbaf39b0,0x00000000fcb00000)
  to   space 21504K, 0% used [0x00000000fa080000,0x00000000fa080000,0x00000000fb580000)
 ParOldGen       total 59904K, used 49864K [0x00000000c0000000, 0x00000000c3a80000, 0x00000000eab00000)
  object space 59904K, 83% used [0x00000000c0000000,0x00000000c30b21a8,0x00000000c3a80000)
 Metaspace       used 61197K, capacity 63810K, committed 63872K, reserved 1103872K
  class space    used 8215K, capacity 8803K, committed 8832K, reserved 1048576K
}
Event: 458.752 GC heap before
{Heap before GC invocations=23 (full 4):
 PSYoungGen      total 273408K, used 97222K [0x00000000eab00000, 0x00000000ff980000, 0x0000000100000000)
  eden space 251392K, 36% used [0x00000000eab00000,0x00000000f047df78,0x00000000fa080000)
  from space 22016K, 25% used [0x00000000fb580000,0x00000000fbaf39b0,0x00000000fcb00000)
  to   space 21504K, 0% used [0x00000000fa080000,0x00000000fa080000,0x00000000fb580000)
 ParOldGen       total 59904K, used 49864K [0x00000000c0000000, 0x00000000c3a80000, 0x00000000eab00000)
  object space 59904K, 83% used [0x00000000c0000000,0x00000000c30b21a8,0x00000000c3a80000)
 Metaspace       used 61951K, capacity 64638K, committed 64768K, reserved 1105920K
  class space    used 8302K, capacity 8931K, committed 8960K, reserved 1048576K
Event: 458.801 GC heap after
Heap after GC invocations=23 (full 4):
 PSYoungGen      total 272896K, used 8150K [0x00000000eab00000, 0x00000000ff880000, 0x0000000100000000)
  eden space 251392K, 0% used [0x00000000eab00000,0x00000000eab00000,0x00000000fa080000)
  from space 21504K, 37% used [0x00000000fa080000,0x00000000fa8758f8,0x00000000fb580000)
  to   space 20992K, 0% used [0x00000000fe400000,0x00000000fe400000,0x00000000ff880000)
 ParOldGen       total 59904K, used 49872K [0x00000000c0000000, 0x00000000c3a80000, 0x00000000eab00000)
  object space 59904K, 83% used [0x00000000c0000000,0x00000000c30b41a8,0x00000000c3a80000)
 Metaspace       used 61951K, capacity 64638K, committed 64768K, reserved 1105920K
  class space    used 8302K, capacity 8931K, committed 8960K, reserved 1048576K
}
Event: 458.801 GC heap before
{Heap before GC invocations=24 (full 5):
 PSYoungGen      total 272896K, used 8150K [0x00000000eab00000, 0x00000000ff880000, 0x0000000100000000)
  eden space 251392K, 0% used [0x00000000eab00000,0x00000000eab00000,0x00000000fa080000)
  from space 21504K, 37% used [0x00000000fa080000,0x00000000fa8758f8,0x00000000fb580000)
  to   space 20992K, 0% used [0x00000000fe400000,0x00000000fe400000,0x00000000ff880000)
 ParOldGen       total 59904K, used 49872K [0x00000000c0000000, 0x00000000c3a80000, 0x00000000eab00000)
  object space 59904K, 83% used [0x00000000c0000000,0x00000000c30b41a8,0x00000000c3a80000)
 Metaspace       used 61951K, capacity 64638K, committed 64768K, reserved 1105920K
  class space    used 8302K, capacity 8931K, committed 8960K, reserved 1048576K
Event: 459.618 GC heap after
Heap after GC invocations=24 (full 5):
 PSYoungGen      total 272896K, used 0K [0x00000000eab00000, 0x00000000ff880000, 0x0000000100000000)
  eden space 251392K, 0% used [0x00000000eab00000,0x00000000eab00000,0x00000000fa080000)
  from space 21504K, 0% used [0x00000000fa080000,0x00000000fa080000,0x00000000fb580000)
  to   space 20992K, 0% used [0x00000000fe400000,0x00000000fe400000,0x00000000ff880000)
 ParOldGen       total 59904K, used 52277K [0x00000000c0000000, 0x00000000c3a80000, 0x00000000eab00000)
  object space 59904K, 87% used [0x00000000c0000000,0x00000000c330d5c8,0x00000000c3a80000)
 Metaspace       used 61905K, capacity 64528K, committed 64768K, reserved 1105920K
  class space    used 8288K, capacity 8917K, committed 8960K, reserved 1048576K
}

